Removed Pin From Net: NetName=-5V Pin=*-4
Removed Pin From Net: NetName=o2 Pin=*-6
Removed Pin From Net: NetName=+5V Pin=*-7
Removed Pin From Net: NetName=o1 Pin=R6-2
Removed Pin From Net: NetName=GND Pin=R7-1
Removed Member From Class: ClassName=PD Member=R7
Added Component: Designator=U2(SOIC-8_L4.9-W3.9-P1.27-LS6.0-BL-EP2.3)
Add component (AddParameter): Name = "Add into BOM"; Value = "yes"; VariantName = "[No Variations]"
Add component (AddParameter): Name = "Amplifier Type"; Value = "Voltage Feedback"; VariantName = "[No Variations]"
Add component (AddParameter): Name = "Convert to PCB"; Value = "yes"; VariantName = "[No Variations]"
Add component (AddParameter): Name = "Datasheet"; Value = "https://atta.szlcsc.com/upload/public/pdf/source/20180424/C208248_B6C816B2B54D5C6B6DFEDEB97F35E3C5.pdf"; VariantName = "[No Variations]"
Add component (AddParameter): Name = "Device"; Value = "ADA4817-1ARDZ"; VariantName = "[No Variations]"
Add component (AddParameter): Name = "Gain Bandwidth Product£®GBP£©"; Value = "410MHz"; VariantName = "[No Variations]"
Add component (AddParameter): Name = "Iq per channel (Typ)"; Value = "-"; VariantName = "[No Variations]"
Add component (AddParameter): Name = "JLCPCB Part Class"; Value = "Extended Part"; VariantName = "[No Variations]"
Add component (AddParameter): Name = "LCSC Part Name"; Value = "ADA4817-1ARDZ"; VariantName = "[No Variations]"
Add component (AddParameter): Name = "Manufacturer"; Value = "ADI(—«µ¬≈µ)/LINEAR"; VariantName = "[No Variations]"
Add component (AddParameter): Name = "Manufacturer Part"; Value = "ADA4817-1ARDZ"; VariantName = "[No Variations]"
Add component (AddParameter): Name = "Name"; Value = "ADA4817-1ARDZ"; VariantName = "[No Variations]"
Add component (AddParameter): Name = "Number of Circuits"; Value = "1"; VariantName = "[No Variations]"
Add component (AddParameter): Name = "Operating Temperature"; Value = "-40°„C ~ 105°„C"; VariantName = "[No Variations]"
Add component (AddParameter): Name = "Output Type"; Value = "-"; VariantName = "[No Variations]"
Add component (AddParameter): Name = "Slew Rate£®SR£©"; Value = "870 V/us"; VariantName = "[No Variations]"
Add component (AddParameter): Name = "Supplier"; Value = "LCSC"; VariantName = "[No Variations]"
Add component (AddParameter): Name = "Supplier Footprint"; Value = "SOIC-8_EP_150mil"; VariantName = "[No Variations]"
Add component (AddParameter): Name = "Supplier Part"; Value = "C208248"; VariantName = "[No Variations]"
Add component (AddParameter): Name = "Supply Voltage£®Single£©"; Value = "5V ~ 10V, °¿2.5V ~ 5V"; VariantName = "[No Variations]"
Add component (AddParameter): Name = "Symbol"; Value = "ADA4817-1ARDZ"; VariantName = "[No Variations]"
Added Pin To Net: NetName=o1 Pin=C9-1
Added Pin To Net: NetName=o1 Pin=R5-2
Added Pin To Net: NetName=GND Pin=R6-1
Added Pin To Net: NetName=o1 Pin=U2-2
Added Pin To Net: NetName=-5V Pin=U2-4
Added Pin To Net: NetName=o2 Pin=U2-6
Added Pin To Net: NetName=+5V Pin=U2-7
Added Pin To Net: NetName=NetC18_2 Pin=C18-2
Added Pin To Net: NetName=NetC18_2 Pin=R6-2
Added Pin To Net: NetName=NetC18_2 Pin=U2-3
Added Net: Name=NetC18_2
Added Member To Class: ClassName=PD Member=Component U2 ADA4817-1ARDZ
