Removed Pin From Net: NetName=o2 Pin=2p-2
Removed Pin From Net: NetName=o2 Pin=390-1
Change Component Designator: OldDesignator=+5 NewDesignator=R2
Change Component Designator: OldDesignator= NewDesignator=*
Change Component Designator: OldDesignator= NewDesignator=C1
Change Component Designator: OldDesignator= NewDesignator=C2
Change Component Designator: OldDesignator= NewDesignator=C3
Change Component Designator: OldDesignator= NewDesignator=C4
Change Component Designator: OldDesignator= NewDesignator=C6
Change Component Designator: OldDesignator= NewDesignator=C7
Change Component Designator: OldDesignator= NewDesignator=C8
Change Component Designator: OldDesignator= NewDesignator=C10
Change Component Designator: OldDesignator= NewDesignator=C11
Change Component Designator: OldDesignator= NewDesignator=C12
Change Component Designator: OldDesignator= NewDesignator=C13
Change Component Designator: OldDesignator= NewDesignator=C14
Change Component Designator: OldDesignator= NewDesignator=C15
Change Component Designator: OldDesignator= NewDesignator=C18
Change Component Designator: OldDesignator= NewDesignator=JP1
Change Component Designator: OldDesignator= NewDesignator=JP2
Change Component Designator: OldDesignator= NewDesignator=Q1
Change Component Designator: OldDesignator= NewDesignator=SP1
Change Component Designator: OldDesignator= NewDesignator=SP2
Change Component Designator: OldDesignator= NewDesignator=SP3
Change Component Designator: OldDesignator= NewDesignator=SP4
Change Component Designator: OldDesignator= NewDesignator=U1
Change Component Designator: OldDesignator= NewDesignator=U2
Change Component Designator: OldDesignator=0.1u NewDesignator=C16
Change Component Designator: OldDesignator=1k NewDesignator=R3
Change Component Designator: OldDesignator=2p NewDesignator=C5
Change Component Designator: OldDesignator=2p NewDesignator=C9
Change Component Designator: OldDesignator=10u NewDesignator=C17
Change Component Designator: OldDesignator=12k NewDesignator=R1
Change Component Designator: OldDesignator=12k NewDesignator=R4
Change Component Designator: OldDesignator=82 NewDesignator=R6
Change Component Designator: OldDesignator=390 NewDesignator=R5
Change Component Designator: OldDesignator=D1 NewDesignator=R8
Change Component Designator: OldDesignator=D2 NewDesignator=R7
Added Component: Designator=R10(R 0805_L)
Add component (AddParameter): Name = "BOMÃû³Æ"; Value = "ÌùÆ¬µç×è"; VariantName = "[No Variations]"
Added Pin To Net: NetName=o2 Pin=R10-2
Added Pin To Net: NetName=NetC9_2 Pin=C9-2
Added Pin To Net: NetName=NetC9_2 Pin=R5-1
Added Pin To Net: NetName=NetC9_2 Pin=R10-1
Added Pin To Net: NetName=NetC9_2 Pin=U2-6
Added Net: Name=NetC9_2
Added Member To Class: ClassName=PD Member=Component * 1ADA4817
Added Member To Class: ClassName=PD Member=Component C1 104
Added Member To Class: ClassName=PD Member=Component C2 104
Added Member To Class: ClassName=PD Member=Component C3 104
Added Member To Class: ClassName=PD Member=Component C4 104
Added Member To Class: ClassName=PD Member=Component C5 104
Added Member To Class: ClassName=PD Member=Component C6 104
Added Member To Class: ClassName=PD Member=Component C7 104
Added Member To Class: ClassName=PD Member=Component C8 104
Added Member To Class: ClassName=PD Member=Component C9 104
Added Member To Class: ClassName=PD Member=Component C10 104
Added Member To Class: ClassName=PD Member=Component C11 104
Added Member To Class: ClassName=PD Member=Component C12 104
Added Member To Class: ClassName=PD Member=Component C13 104
Added Member To Class: ClassName=PD Member=Component C14 104
Added Member To Class: ClassName=PD Member=Component C15 104
Added Member To Class: ClassName=PD Member=Component C16 104
Added Member To Class: ClassName=PD Member=Component C17 104
Added Member To Class: ClassName=PD Member=Component C18 104
Added Member To Class: ClassName=PD Member=Component JP1 HDR-1X3
Added Member To Class: ClassName=PD Member=Component JP2 SMA
Added Member To Class: ClassName=PD Member=Component Q1 D882-DIP
Added Member To Class: ClassName=PD Member=Component R1 1K
Added Member To Class: ClassName=PD Member=Component R2 1K
Added Member To Class: ClassName=PD Member=Component R3 1K
Added Member To Class: ClassName=PD Member=Component R4 1K
Added Member To Class: ClassName=PD Member=Component R5 1K
Added Member To Class: ClassName=PD Member=Component R6 1K
Added Member To Class: ClassName=PD Member=Component R7 1K
Added Member To Class: ClassName=PD Member=Component R8 1K
Added Member To Class: ClassName=PD Member=Component R10 1K
Added Member To Class: ClassName=PD Member=Component SP1 M3Í­Öù
Added Member To Class: ClassName=PD Member=Component SP2 M3Í­Öù
Added Member To Class: ClassName=PD Member=Component SP3 M3Í­Öù
Added Member To Class: ClassName=PD Member=Component SP4 M3Í­Öù
Added Member To Class: ClassName=PD Member=Component U1 ADM7170ACPZ-R7
Added Member To Class: ClassName=PD Member=Component U2 ADA4817-1ARDZ
