Removed Pin From Net: NetName=-5V Pin=D1-2
Removed Pin From Net: NetName=+5V Pin=D2-1
Removed Member From Class: ClassName=PD Member=D2
Change Component Footprint: Designator=D1 Old Footprint=3.5X2.8X1.9 New Footprint=3.2X1.6X1.1
Change Component Comment : Designator=D1 Old Comment=LED3 New Comment=LED2
Change component parameters: Designator = "D1" ("D1"); Footprint = "3.5X2.8X1.9"; UniqueID = "\MBYHRTYP" ("\MBYHRTYP")
Change component parameters (AddParameter): Name = "LatestRevisionDate"; Value = "17-Jul-2002"; VariantName = "[No Variations]"
Change component parameters (AddParameter): Name = "LatestRevisionNote"; Value = "Re-released for DXP Platform."; VariantName = "[No Variations]"
Change component parameters (AddParameter): Name = "PackageDescription"; Value = "SM LED; 2 Flat Leads"; VariantName = "[No Variations]"
Change component parameters (AddParameter): Name = "PackageReference"; Value = "3.2X1.6X1.1"; VariantName = "[No Variations]"
Change component parameters (AddParameter): Name = "PackageVersion"; Value = "Feb-2002"; VariantName = "[No Variations]"
Change component parameters (AddParameter): Name = "Published"; Value = "8-Jun-2000"; VariantName = "[No Variations]"
Change component parameters (AddParameter): Name = "Publisher"; Value = "Altium Limited"; VariantName = "[No Variations]"
Added Component: Designator=R7(R 0805_L)
Add component (AddParameter): Name = "BOMÃû³Æ"; Value = "ÌùÆ¬µç×è"; VariantName = "[No Variations]"
Added Component: Designator=R8(R 0805_L)
Add component (AddParameter): Name = "BOMÃû³Æ"; Value = "ÌùÆ¬µç×è"; VariantName = "[No Variations]"
Added Pin To Net: NetName=+5V Pin=R7-2
Added Pin To Net: NetName=-5V Pin=R8-2
Added Pin To Net: NetName=NetR2_2 Pin=R2-2
Added Pin To Net: NetName=NetR2_2 Pin=R7-1
Added Net: Name=NetR2_2
Added Pin To Net: NetName=NetR3_2 Pin=R3-2
Added Pin To Net: NetName=NetR3_2 Pin=R8-1
Added Net: Name=NetR3_2
Added Member To Class: ClassName=PD Member=Component * 1ADA4817
Added Member To Class: ClassName=PD Member=Component R7 1K
Added Member To Class: ClassName=PD Member=Component R8 1K
